/home/jin/ros/apriltag_size/src/mrsd_ros_tutorials/src/subscribe_pc_node.cpp: In member function ‘void ImageConverter::conversion(sensor_msgs::PointCloud2)’:
/home/jin/ros/apriltag_size/src/mrsd_ros_tutorials/src/subscribe_pc_node.cpp:81:3: error: ‘res’ was not declared in this scope
   res.point_cloud = cloud;
   ^
/home/jin/ros/apriltag_size/src/mrsd_ros_tutorials/src/subscribe_pc_node.cpp: In member function ‘bool ImageConverter::saveDataCB(mrsd_ros_tutorials::SaveData::Request&, mrsd_ros_tutorials::SaveData::Response&)’:
/home/jin/ros/apriltag_size/src/mrsd_ros_tutorials/src/subscribe_pc_node.cpp:113:32: error: no matching function for call to ‘ImageConverter::conversion(pcl::PointCloud<pcl::PointXYZRGB>&)’
     conversion(*kinect_color_pc);
                                ^
/home/jin/ros/apriltag_size/src/mrsd_ros_tutorials/src/subscribe_pc_node.cpp:113:32: note: candidate is:
/home/jin/ros/apriltag_size/src/mrsd_ros_tutorials/src/subscribe_pc_node.cpp:73:8: note: void ImageConverter::conversion(sensor_msgs::PointCloud2)
   void conversion(const sensor_msgs::PointCloud2 input)
        ^
/home/jin/ros/apriltag_size/src/mrsd_ros_tutorials/src/subscribe_pc_node.cpp:73:8: note:   no known conversion for argument 1 from ‘pcl::PointCloud<pcl::PointXYZRGB>’ to ‘sensor_msgs::PointCloud2’
make[2]: *** [CMakeFiles/subscribe_pc_node.dir/src/subscribe_pc_node.cpp.o] Error 1
make[1]: *** [CMakeFiles/subscribe_pc_node.dir/all] Error 2
make[1]: *** Waiting for unfinished jobs....
/home/jin/ros/apriltag_size/src/mrsd_ros_tutorials/src/perception_data.cpp: In function ‘void segment_bin(const Ptr&)’:
/home/jin/ros/apriltag_size/src/mrsd_ros_tutorials/src/perception_data.cpp:42:23: error: ‘input_pc’ was not declared in this scope
   pass.setInputCloud (input_pc);
                       ^
/home/jin/ros/apriltag_size/src/mrsd_ros_tutorials/src/perception_data.cpp: In function ‘int main(int, char**)’:
/home/jin/ros/apriltag_size/src/mrsd_ros_tutorials/src/perception_data.cpp:71:9: error: ‘kinect_color_pc’ was not declared in this scope
         kinect_color_pc = srv.response.point_cloud;
         ^
make[2]: *** [CMakeFiles/perception_data.dir/src/perception_data.cpp.o] Error 1
make[1]: *** [CMakeFiles/perception_data.dir/all] Error 2
make: *** [all] Error 2
