/home/jin/ros/apriltag_size/src/mrsd_ros_tutorials/src/perception_data.cpp: In function ‘int error(pcl::PointCloud<pcl::PointXYZ>::Ptr&, pcl::PointCloud<pcl::PointXYZ>::Ptr&)’:
/home/jin/ros/apriltag_size/src/mrsd_ros_tutorials/src/perception_data.cpp:124:23: error: ‘point’ was not declared in this scope
     if (std::isfinite(point.x) && std::isfinite(point.y) && std::isfinite(point.z))
                       ^
make[2]: *** [CMakeFiles/perception_data.dir/src/perception_data.cpp.o] Error 1
make[1]: *** [CMakeFiles/perception_data.dir/all] Error 2
make: *** [all] Error 2
